<?xml version="1.0" encoding="UTF-8"?>
<testsuite xmlns:xsi="http://www.w3.org/2001/XMLSchema-instance" xsi:noNamespaceSchemaLocation="https://maven.apache.org/surefire/maven-surefire-plugin/xsd/surefire-test-report-3.0.xsd" version="3.0" name="com.springcore.AppTest" time="0.021" tests="1" errors="0" skipped="0" failures="0">
  <properties>
    <property name="java.specification.version" value="14"/>
    <property name="sun.cpu.isalist" value="amd64"/>
    <property name="sun.jnu.encoding" value="Cp1252"/>
    <property name="java.class.path" value="D:\Krishna\Workspace_Krishna\springcore\target\test-classes;D:\Krishna\Workspace_Krishna\springcore\target\classes;C:\Users\parba\.m2\repository\org\springframework\spring-context\5.2.25.RELEASE\spring-context-5.2.25.RELEASE.jar;C:\Users\parba\.m2\repository\org\springframework\spring-aop\5.2.25.RELEASE\spring-aop-5.2.25.RELEASE.jar;C:\Users\parba\.m2\repository\org\springframework\spring-beans\5.2.25.RELEASE\spring-beans-5.2.25.RELEASE.jar;C:\Users\parba\.m2\repository\org\springframework\spring-expression\5.2.25.RELEASE\spring-expression-5.2.25.RELEASE.jar;C:\Users\parba\.m2\repository\org\springframework\spring-core\5.2.25.RELEASE\spring-core-5.2.25.RELEASE.jar;C:\Users\parba\.m2\repository\org\springframework\spring-jcl\5.2.25.RELEASE\spring-jcl-5.2.25.RELEASE.jar;C:\Users\parba\.m2\repository\javax\annotation\javax.annotation-api\1.3.2\javax.annotation-api-1.3.2.jar;C:\Users\parba\.m2\repository\junit\junit\3.8.1\junit-3.8.1.jar;"/>
    <property name="java.vm.vendor" value="Oracle Corporation"/>
    <property name="sun.arch.data.model" value="64"/>
    <property name="user.variant" value=""/>
    <property name="java.vendor.url" value="https://java.oracle.com/"/>
    <property name="user.timezone" value="Asia/Calcutta"/>
    <property name="os.name" value="Windows 10"/>
    <property name="java.vm.specification.version" value="14"/>
    <property name="sun.java.launcher" value="SUN_STANDARD"/>
    <property name="user.country" value="IN"/>
    <property name="sun.boot.library.path" value="C:\Program Files\Java\jdk-14\bin"/>
    <property name="sun.java.command" value="C:\Users\parba\AppData\Local\Temp\surefire2892177991523722816\surefirebooter-20230802113834780_3.jar C:\Users\parba\AppData\Local\Temp\surefire2892177991523722816 2023-08-02T11-38-34_563-jvmRun1 surefire-20230802113834780_1tmp surefire_0-20230802113834780_2tmp"/>
    <property name="jdk.debug" value="release"/>
    <property name="surefire.test.class.path" value="D:\Krishna\Workspace_Krishna\springcore\target\test-classes;D:\Krishna\Workspace_Krishna\springcore\target\classes;C:\Users\parba\.m2\repository\org\springframework\spring-context\5.2.25.RELEASE\spring-context-5.2.25.RELEASE.jar;C:\Users\parba\.m2\repository\org\springframework\spring-aop\5.2.25.RELEASE\spring-aop-5.2.25.RELEASE.jar;C:\Users\parba\.m2\repository\org\springframework\spring-beans\5.2.25.RELEASE\spring-beans-5.2.25.RELEASE.jar;C:\Users\parba\.m2\repository\org\springframework\spring-expression\5.2.25.RELEASE\spring-expression-5.2.25.RELEASE.jar;C:\Users\parba\.m2\repository\org\springframework\spring-core\5.2.25.RELEASE\spring-core-5.2.25.RELEASE.jar;C:\Users\parba\.m2\repository\org\springframework\spring-jcl\5.2.25.RELEASE\spring-jcl-5.2.25.RELEASE.jar;C:\Users\parba\.m2\repository\javax\annotation\javax.annotation-api\1.3.2\javax.annotation-api-1.3.2.jar;C:\Users\parba\.m2\repository\junit\junit\3.8.1\junit-3.8.1.jar;"/>
    <property name="sun.cpu.endian" value="little"/>
    <property name="user.home" value="C:\Users\parba"/>
    <property name="user.language" value="en"/>
    <property name="java.specification.vendor" value="Oracle Corporation"/>
    <property name="java.version.date" value="2020-03-17"/>
    <property name="java.home" value="C:\Program Files\Java\jdk-14"/>
    <property name="file.separator" value="\"/>
    <property name="style.color" value="always"/>
    <property name="basedir" value="D:\Krishna\Workspace_Krishna\springcore"/>
    <property name="java.vm.compressedOopsMode" value="32-bit"/>
    <property name="line.separator" value="&#10;"/>
    <property name="java.vm.specification.vendor" value="Oracle Corporation"/>
    <property name="java.specification.name" value="Java Platform API Specification"/>
    <property name="surefire.real.class.path" value="C:\Users\parba\AppData\Local\Temp\surefire2892177991523722816\surefirebooter-20230802113834780_3.jar"/>
    <property name="user.script" value=""/>
    <property name="sun.management.compiler" value="HotSpot 64-Bit Tiered Compilers"/>
    <property name="java.runtime.version" value="14+36-1461"/>
    <property name="user.name" value="Shreee"/>
    <property name="path.separator" value=";"/>
    <property name="os.version" value="10.0"/>
    <property name="java.runtime.name" value="Java(TM) SE Runtime Environment"/>
    <property name="file.encoding" value="Cp1252"/>
    <property name="java.vm.name" value="Java HotSpot(TM) 64-Bit Server VM"/>
    <property name="localRepository" value="C:\Users\parba\.m2\repository"/>
    <property name="java.vendor.url.bug" value="https://bugreport.java.com/bugreport/"/>
    <property name="java.io.tmpdir" value="C:\Users\parba\AppData\Local\Temp\"/>
    <property name="java.version" value="14"/>
    <property name="user.dir" value="D:\Krishna\Workspace_Krishna\springcore"/>
    <property name="os.arch" value="amd64"/>
    <property name="java.vm.specification.name" value="Java Virtual Machine Specification"/>
    <property name="sun.os.patch.level" value=""/>
    <property name="java.library.path" value="C:\Program Files\Java\jdk-14\bin;C:\WINDOWS\Sun\Java\bin;C:\WINDOWS\system32;C:\WINDOWS;C:/Users/parba/.p2/pool/plugins/org.eclipse.justj.openjdk.hotspot.jre.full.win32.x86_64_17.0.7.v20230425-1502/jre/bin/server;C:/Users/parba/.p2/pool/plugins/org.eclipse.justj.openjdk.hotspot.jre.full.win32.x86_64_17.0.7.v20230425-1502/jre/bin;C:\oraclexe\app\oracle\product\11.2.0\server\bin;;C:\Program Files (x86)\Common Files\Oracle\Java\javapath;D:\WINDOWS.X64_213000_db_home\bin;C:\WINDOWS\system32;C:\WINDOWS;C:\WINDOWS\System32\Wbem;C:\WINDOWS\System32\WindowsPowerShell\v1.0\;C:\WINDOWS\System32\OpenSSH\;C:\Users\parba\AppData\Local\Programs\Python\Python311\Scripts\;C:\Users\parba\AppData\Local\Programs\Python\Python311\;C:\Users\parba\AppData\Local\Microsoft\WindowsApps;C:\src\flutter\bin;;C:\Users\parba\OneDrive\Desktop;;."/>
    <property name="java.vm.info" value="mixed mode, sharing"/>
    <property name="java.vendor" value="Oracle Corporation"/>
    <property name="java.vm.version" value="14+36-1461"/>
    <property name="sun.io.unicode.encoding" value="UnicodeLittle"/>
    <property name="java.class.version" value="58.0"/>
  </properties>
  <testcase name="testApp" classname="com.springcore.AppTest" time="0.004"/>
</testsuite>